/*C47*/SET SCHEMA PUBLIC
DISCONNECT
/*C48*/SET SCHEMA PUBLIC
DISCONNECT
/*C49*/SET SCHEMA PUBLIC
DISCONNECT
/*C50*/SET SCHEMA PUBLIC
DISCONNECT
/*C51*/SET SCHEMA PUBLIC
DISCONNECT
/*C52*/SET SCHEMA PUBLIC
DISCONNECT
/*C53*/SET SCHEMA PUBLIC
DISCONNECT
/*C54*/SET SCHEMA PUBLIC
DISCONNECT
/*C55*/SET SCHEMA PUBLIC
DISCONNECT
/*C56*/SET SCHEMA PUBLIC
DISCONNECT
/*C57*/SET SCHEMA PUBLIC
DISCONNECT
/*C58*/SET SCHEMA PUBLIC
DISCONNECT
/*C59*/SET SCHEMA PUBLIC
DISCONNECT
/*C60*/SET SCHEMA PUBLIC
DISCONNECT
/*C61*/SET SCHEMA PUBLIC
DISCONNECT
/*C62*/SET SCHEMA PUBLIC
DISCONNECT
/*C63*/SET SCHEMA PUBLIC
DISCONNECT
/*C64*/SET SCHEMA PUBLIC
DISCONNECT
/*C65*/SET SCHEMA PUBLIC
DISCONNECT
/*C66*/SET SCHEMA PUBLIC
DISCONNECT
/*C67*/SET SCHEMA PUBLIC
DISCONNECT
/*C68*/SET SCHEMA PUBLIC
DISCONNECT
/*C69*/SET SCHEMA PUBLIC
DISCONNECT
/*C70*/SET SCHEMA PUBLIC
DISCONNECT
/*C71*/SET SCHEMA PUBLIC
DISCONNECT
/*C72*/SET SCHEMA PUBLIC
DISCONNECT
/*C73*/SET SCHEMA PUBLIC
DISCONNECT
/*C74*/SET SCHEMA PUBLIC
DISCONNECT
/*C75*/SET SCHEMA PUBLIC
DISCONNECT
/*C76*/SET SCHEMA PUBLIC
DISCONNECT
/*C77*/SET SCHEMA PUBLIC
DISCONNECT
/*C78*/SET SCHEMA PUBLIC
DISCONNECT
/*C79*/SET SCHEMA PUBLIC
DISCONNECT
/*C80*/SET SCHEMA PUBLIC
DISCONNECT
/*C81*/SET SCHEMA PUBLIC
DISCONNECT
/*C82*/SET SCHEMA PUBLIC
DISCONNECT
/*C83*/SET SCHEMA PUBLIC
DISCONNECT
/*C84*/SET SCHEMA PUBLIC
DISCONNECT
/*C85*/SET SCHEMA PUBLIC
DISCONNECT
/*C86*/SET SCHEMA PUBLIC
DISCONNECT
/*C87*/SET SCHEMA PUBLIC
DISCONNECT
/*C88*/SET SCHEMA PUBLIC
DISCONNECT
/*C89*/SET SCHEMA PUBLIC
DISCONNECT
/*C90*/SET SCHEMA PUBLIC
DISCONNECT
/*C91*/SET SCHEMA PUBLIC
DISCONNECT
/*C92*/SET SCHEMA PUBLIC
DISCONNECT
/*C93*/SET SCHEMA PUBLIC
DISCONNECT
/*C94*/SET SCHEMA PUBLIC
DISCONNECT
/*C95*/SET SCHEMA PUBLIC
DISCONNECT
/*C96*/SET SCHEMA PUBLIC
DISCONNECT
/*C97*/SET SCHEMA PUBLIC
DISCONNECT
/*C98*/SET SCHEMA PUBLIC
DISCONNECT
/*C99*/SET SCHEMA PUBLIC
DISCONNECT
/*C100*/SET SCHEMA PUBLIC
DISCONNECT
/*C101*/SET SCHEMA PUBLIC
DISCONNECT
/*C102*/SET SCHEMA PUBLIC
DISCONNECT
/*C103*/SET SCHEMA PUBLIC
DISCONNECT
/*C104*/SET SCHEMA PUBLIC
DELETE FROM WEBAPP_ WHERE ID=1
INSERT INTO WEBAPP_ VALUES(1,'tmall','e:/project/tmall_ssh_original/web','','0',0,'0')
COMMIT
DISCONNECT
/*C105*/SET SCHEMA PUBLIC
DELETE FROM WEBAPP_ WHERE ID=2
INSERT INTO WEBAPP_ VALUES(2,'ssh','e:/project/ssh/web','listProduct','0',0,'0')
COMMIT
DISCONNECT
/*C106*/SET SCHEMA PUBLIC
DELETE FROM WEBAPP_ WHERE ID=3
INSERT INTO WEBAPP_ VALUES(3,'','d:/project/how2j/web','','1',0,'0')
COMMIT
DISCONNECT
/*C107*/SET SCHEMA PUBLIC
DISCONNECT
/*C108*/SET SCHEMA PUBLIC
DISCONNECT
/*C109*/SET SCHEMA PUBLIC
DISCONNECT
/*C110*/SET SCHEMA PUBLIC
DISCONNECT
/*C111*/SET SCHEMA PUBLIC
DISCONNECT
/*C112*/SET SCHEMA PUBLIC
DISCONNECT
